<?xml version="1.0" encoding="UTF-8" ?>
<testsuite tests="5" failures="0" name="com.oncall.utility.CommandValidationServiceTest" time="0.012" errors="0" skipped="0">
  <properties>
[...]
</properties>
  <testcase classname="com.oncall.utility.CommandValidationServiceTest" name="com.oncall.utility.CommandValidationServiceTest.testCommandInjectionAttempts" time="0.004"/>
  <testcase classname="com.oncall.utility.CommandValidationServiceTest" name="com.oncall.utility.CommandValidationServiceTest.testBlockedOperations" time="0.003"/>
  <testcase classname="com.oncall.utility.CommandValidationServiceTest" name="com.oncall.utility.CommandValidationServiceTest.testInvalidDirectoryPaths" time="0.001"/>
  <testcase classname="com.oncall.utility.CommandValidationServiceTest" name="com.oncall.utility.CommandValidationServiceTest.testPipingAndRedirects" time="0.003"/>
  <testcase classname="com.oncall.utility.CommandValidationServiceTest" name="com.oncall.utility.CommandValidationServiceTest.testValidDirectoryPaths" time="0.001"/>
</testsuite>